<?xml version="1.0" encoding="UTF-8"?>
<!-- Generated by org.testng.reporters.JUnitReportReporter -->
<testsuite skipped="0" hostname="CPX-5LR2M2D5I2X" name="basicMaven.Base3Test" tests="2" failures="0" timestamp="10 Nov 2018 03:45:13 GMT" time="0.017" errors="0">
  <testcase name="testFour" time="0.013" classname="basicMaven.Base3Test"/>
  <testcase name="testThree" time="0.004" classname="basicMaven.Base3Test"/>
</testsuite> <!-- basicMaven.Base3Test -->
