<?xml version="1.0" encoding="UTF-8"?>
<!-- Generated by org.testng.reporters.JUnitReportReporter -->
<testsuite skipped="1" hostname="CPX-5LR2M2D5I2X" name="basicMaven.Base2Test" tests="3" failures="0" timestamp="12 Nov 2018 10:54:55 GMT" time="0.017" errors="0">
  <testcase name="testTwo" time="0.002" classname="basicMaven.Base2Test"/>
  <testcase name="testOne" time="0.015" classname="basicMaven.Base2Test"/>
  <testcase name="Login" classname="basicMaven.Base2Test">
    <skipped/>
  </testcase> <!-- Login -->
</testsuite> <!-- basicMaven.Base2Test -->
