<?xml version="1.0" encoding="UTF-8"?>
<!-- Generated by org.testng.reporters.JUnitReportReporter -->
<testsuite skipped="0" hostname="CPX-5LR2M2D5I2X" name="basicMaven.BaseTest" tests="7" failures="0" timestamp="10 Nov 2018 03:35:58 GMT" time="0.033" errors="0">
  <testcase name="testFive" time="0.015" classname="basicMaven.BaseTest"/>
  <testcase name="testSeven" time="0.001" classname="basicMaven.BaseTest"/>
  <testcase name="testSix" time="0.003" classname="basicMaven.BaseTest"/>
  <testcase name="testSeven" time="0.003" classname="basicMaven.BaseTest"/>
  <testcase name="testSix" time="0.003" classname="basicMaven.BaseTest"/>
  <testcase name="testSix" time="0.004" classname="basicMaven.BaseTest"/>
  <testcase name="testSeven" time="0.004" classname="basicMaven.BaseTest"/>
</testsuite> <!-- basicMaven.BaseTest -->
