<?xml version="1.0" encoding="UTF-8"?>
<!-- Generated by org.testng.reporters.JUnitReportReporter -->
<testsuite skipped="0" hostname="CPX-5LR2M2D5I2X" name="basicMaven.BaseTest" tests="7" failures="0" timestamp="12 Nov 2018 10:54:55 GMT" time="0.058" errors="0">
  <testcase name="testFive" time="0.043" classname="basicMaven.BaseTest"/>
  <testcase name="testSeven" time="0.002" classname="basicMaven.BaseTest"/>
  <testcase name="testSix" time="0.002" classname="basicMaven.BaseTest"/>
  <testcase name="testSeven" time="0.003" classname="basicMaven.BaseTest"/>
  <testcase name="testSix" time="0.003" classname="basicMaven.BaseTest"/>
  <testcase name="testSeven" time="0.002" classname="basicMaven.BaseTest"/>
  <testcase name="testSix" time="0.003" classname="basicMaven.BaseTest"/>
</testsuite> <!-- basicMaven.BaseTest -->
