<?xml version="1.0" encoding="UTF-8"?>
<!-- Generated by org.testng.reporters.JUnitReportReporter -->
<testsuite skipped="0" hostname="CPX-5LR2M2D5I2X" name="basicMaven.Base2Test" tests="3" failures="0" timestamp="11 Nov 2018 05:57:43 GMT" time="13.372" errors="0">
  <testcase name="Login" time="13.370" classname="basicMaven.Base2Test"/>
  <testcase name="testOne" time="0.001" classname="basicMaven.Base2Test"/>
  <testcase name="testTwo" time="0.001" classname="basicMaven.Base2Test"/>
</testsuite> <!-- basicMaven.Base2Test -->
