<?xml version="1.0" encoding="UTF-8"?>
<!-- Generated by org.testng.reporters.JUnitReportReporter -->
<testsuite skipped="0" hostname="CPX-5LR2M2D5I2X" name="basicMaven.Base2Test" tests="2" failures="0" timestamp="10 Nov 2018 03:35:58 GMT" time="0.003" errors="0">
  <testcase name="testOne" time="0.002" classname="basicMaven.Base2Test"/>
  <testcase name="testTwo" time="0.001" classname="basicMaven.Base2Test"/>
</testsuite> <!-- basicMaven.Base2Test -->
