<?xml version="1.0" encoding="UTF-8"?>
<!-- Generated by org.testng.reporters.JUnitReportReporter -->
<testsuite skipped="0" hostname="CPX-5LR2M2D5I2X" name="basicMaven.BaseTest" tests="2" failures="0" timestamp="2018-11-04T15:37:18 AEDT" time="0.001" errors="0">
  <testcase name="testFive" time="0.001" classname="basicMaven.BaseTest"/>
  <testcase name="testSix" time="0.000" classname="basicMaven.BaseTest"/>
</testsuite> <!-- basicMaven.BaseTest -->
