<?xml version="1.0" encoding="UTF-8"?>
<!-- Generated by org.testng.reporters.JUnitReportReporter -->
<testsuite skipped="0" hostname="CPX-5LR2M2D5I2X" name="basicMaven.Base3Test" tests="2" failures="0" timestamp="2018-11-04T15:37:18 AEDT" time="0.001" errors="0">
  <testcase name="testThree" time="0.001" classname="basicMaven.Base3Test"/>
  <testcase name="testFour" time="0.000" classname="basicMaven.Base3Test"/>
</testsuite> <!-- basicMaven.Base3Test -->
